Build started 3/16/2016 16:55:08.
     1>Project "c:\Users\amy\documents\visual studio 2010\Projects\FogCreek_HashApplication\FogCreek_HashApplication\FogCreek_HashApplication.vcxproj" on node 2 (build target(s)).
     1>InitializeBuildStatus:
         Creating "Debug\FogCreek_HashApplication.unsuccessfulbuild" because "AlwaysCreate" was specified.
       ClCompile:
         All outputs are up-to-date.
         c:\Program Files (x86)\Microsoft Visual Studio 10.0\VC\bin\CL.exe /c /ZI /nologo /W3 /WX- /Od /Oy- /D WIN32 /D _DEBUG /D _CONSOLE /D _UNICODE /D UNICODE /Gm /EHsc /RTC1 /MDd /GS /fp:precise /Zc:wchar_t /Zc:forScope /Yu"StdAfx.h" /Fp"Debug\FogCreek_HashApplication.pch" /Fo"Debug\\" /Fd"Debug\vc100.pdb" /Gd /TP /analyze- /errorReport:prompt FogCreek_HashApplication.cpp
         FogCreek_HashApplication.cpp
     1>c:\users\amy\documents\visual studio 2010\projects\fogcreek_hashapplication\fogcreek_hashapplication\fogcreek_hashapplication.cpp(15): warning C4018: '<' : signed/unsigned mismatch
     1>c:\users\amy\documents\visual studio 2010\projects\fogcreek_hashapplication\fogcreek_hashapplication\fogcreek_hashapplication.cpp(49): warning C4244: 'argument' : conversion from 'double' to 'int64_t', possible loss of data
       ManifestResourceCompile:
         All outputs are up-to-date.
       Link:
         c:\Program Files (x86)\Microsoft Visual Studio 10.0\VC\bin\link.exe /ERRORREPORT:PROMPT /OUT:"c:\users\amy\documents\visual studio 2010\Projects\FogCreek_HashApplication\Debug\FogCreek_HashApplication.exe" /INCREMENTAL /NOLOGO kernel32.lib user32.lib gdi32.lib winspool.lib comdlg32.lib advapi32.lib shell32.lib ole32.lib oleaut32.lib uuid.lib odbc32.lib odbccp32.lib /MANIFEST /ManifestFile:"Debug\FogCreek_HashApplication.exe.intermediate.manifest" /MANIFESTUAC:"level='asInvoker' uiAccess='false'" /DEBUG /PDB:"c:\users\amy\documents\visual studio 2010\Projects\FogCreek_HashApplication\Debug\FogCreek_HashApplication.pdb" /SUBSYSTEM:CONSOLE /TLBID:1 /DYNAMICBASE /NXCOMPAT /IMPLIB:"c:\users\amy\documents\visual studio 2010\Projects\FogCreek_HashApplication\Debug\FogCreek_HashApplication.lib" /MACHINE:X86 Debug\FogCreek_HashApplication.exe.embed.manifest.res
         Debug\FogCreek_HashApplication.obj
         Debug\stdafx.obj
       Manifest:
         C:\Program Files (x86)\Microsoft SDKs\Windows\v7.0A\bin\mt.exe /nologo /verbose /out:"Debug\FogCreek_HashApplication.exe.embed.manifest" /manifest Debug\FogCreek_HashApplication.exe.intermediate.manifest
         All outputs are up-to-date.
       LinkEmbedManifest:
         All outputs are up-to-date.
         FogCreek_HashApplication.vcxproj -> c:\users\amy\documents\visual studio 2010\Projects\FogCreek_HashApplication\Debug\FogCreek_HashApplication.exe
       FinalizeBuildStatus:
         Deleting file "Debug\FogCreek_HashApplication.unsuccessfulbuild".
         Touching "Debug\FogCreek_HashApplication.lastbuildstate".
     1>Done Building Project "c:\Users\amy\documents\visual studio 2010\Projects\FogCreek_HashApplication\FogCreek_HashApplication\FogCreek_HashApplication.vcxproj" (build target(s)).

Build succeeded.

Time Elapsed 00:00:00.96
